app/build/intermediates/manifest_merge_blame_file/debug/manifest-merger-blame-debug-report.txt
1<?xml version="1.0" encoding="utf-8"?>
2<manifest xmlns:android="http://schemas.android.com/apk/res/android"
3    package="coglab.bci.voyager.voyager"
4    android:versionCode="1"
5    android:versionName="1.0" >
6
7    <uses-sdk
8        android:minSdkVersion="22"
8-->src/main/AndroidManifest.xml
9        android:targetSdkVersion="28" />
9-->src/main/AndroidManifest.xml
10
11    <uses-permission android:name="android.permission.INTERNET" />
11-->src/main/AndroidManifest.xml:34:5-67
11-->src/main/AndroidManifest.xml:34:22-64
12    <uses-permission android:name="android.permission.WRITE_EXTERNAL_STORAGE" />
12-->[mybraintech.com:sdk-lite:2.0.5] AndroidManifest.xml:11:5-81
12-->[mybraintech.com:sdk-lite:2.0.5] AndroidManifest.xml:11:22-78
13    <uses-permission android:name="android.permission.BLUETOOTH" />
13-->[mybraintech.com:sdk-lite:2.0.5] AndroidManifest.xml:12:5-68
13-->[mybraintech.com:sdk-lite:2.0.5] AndroidManifest.xml:12:22-65
14    <uses-permission android:name="android.permission.BLUETOOTH_ADMIN" />
14-->[mybraintech.com:sdk-lite:2.0.5] AndroidManifest.xml:13:5-74
14-->[mybraintech.com:sdk-lite:2.0.5] AndroidManifest.xml:13:22-71
15    <uses-permission android:name="android.permission.ACCESS_FINE_LOCATION" />
15-->[mybraintech.com:sdk-lite:2.0.5] AndroidManifest.xml:14:5-79
15-->[mybraintech.com:sdk-lite:2.0.5] AndroidManifest.xml:14:22-76
16    <uses-permission android:name="android.permission.ACCESS_COARSE_LOCATION" />
16-->[mybraintech.com:sdk-lite:2.0.5] AndroidManifest.xml:15:5-81
16-->[mybraintech.com:sdk-lite:2.0.5] AndroidManifest.xml:15:22-78
17    <uses-permission android:name="android.permission.WAKE_LOCK" />
17-->[mybraintech.com:sdk-lite:2.0.5] AndroidManifest.xml:16:5-68
17-->[mybraintech.com:sdk-lite:2.0.5] AndroidManifest.xml:16:22-65
18
19    <uses-feature
19-->[mybraintech.com:sdk-lite:2.0.5] AndroidManifest.xml:18:5-20:35
20        android:name="android.hardware.bluetooth_le"
20-->[mybraintech.com:sdk-lite:2.0.5] AndroidManifest.xml:19:9-53
21        android:required="true" />
21-->[mybraintech.com:sdk-lite:2.0.5] AndroidManifest.xml:20:9-32
22
23    <application
23-->src/main/AndroidManifest.xml:5:5-33:19
24        android:allowBackup="true"
24-->src/main/AndroidManifest.xml:6:9-35
25        android:appComponentFactory="androidx.core.app.CoreComponentFactory"
25-->[androidx.core:core:1.1.0] AndroidManifest.xml:24:18-86
26        android:debuggable="true"
27        android:icon="@mipmap/ic_launcher"
27-->src/main/AndroidManifest.xml:7:9-43
28        android:label="@string/app_name"
28-->src/main/AndroidManifest.xml:8:9-41
29        android:roundIcon="@mipmap/ic_launcher_round"
29-->src/main/AndroidManifest.xml:9:9-54
30        android:supportsRtl="true"
30-->src/main/AndroidManifest.xml:10:9-35
31        android:testOnly="true"
32        android:theme="@style/AppTheme" >
32-->src/main/AndroidManifest.xml:11:9-40
33        <activity android:name="com.example.CogLab.DemoMelomind" >
33-->src/main/AndroidManifest.xml:12:9-13:20
33-->src/main/AndroidManifest.xml:12:19-65
34        </activity>
35        <activity
35-->src/main/AndroidManifest.xml:14:9-25:20
36            android:name="com.example.CogLab.BCIVoyager_Fullscreen"
36-->src/main/AndroidManifest.xml:15:13-68
37            android:configChanges="orientation|keyboardHidden|screenSize"
37-->src/main/AndroidManifest.xml:16:13-74
38            android:label="@string/title_activity_fullscreen"
38-->src/main/AndroidManifest.xml:18:13-62
39            android:screenOrientation="landscape"
39-->src/main/AndroidManifest.xml:17:13-50
40            android:theme="@style/FullscreenTheme" >
40-->src/main/AndroidManifest.xml:19:13-51
41            <intent-filter>
41-->src/main/AndroidManifest.xml:20:13-24:29
42                <action android:name="android.intent.action.MAIN" />
42-->src/main/AndroidManifest.xml:21:17-69
42-->src/main/AndroidManifest.xml:21:25-66
43
44                <category android:name="android.intent.category.LAUNCHER" />
44-->src/main/AndroidManifest.xml:23:17-77
44-->src/main/AndroidManifest.xml:23:27-74
45            </intent-filter>
46        </activity>
47        <activity android:name="com.example.CogLab.BCIVoyager" >
47-->src/main/AndroidManifest.xml:26:9-32:20
47-->src/main/AndroidManifest.xml:26:19-63
48            <intent-filter>
48-->src/main/AndroidManifest.xml:20:13-24:29
49                <action android:name="android.intent.action.MAIN" />
49-->src/main/AndroidManifest.xml:21:17-69
49-->src/main/AndroidManifest.xml:21:25-66
50
51                <category android:name="android.intent.category.LAUNCHER" />
51-->src/main/AndroidManifest.xml:23:17-77
51-->src/main/AndroidManifest.xml:23:27-74
52            </intent-filter>
53        </activity>
54    </application>
55
56</manifest>